The system is: Linux - 3.16.7-21-desktop - x86_64
Compiling the CXX compiler identification source file "CMakeCXXCompilerId.cpp" succeeded.
Compiler: /usr/local/bin/c++ 
Build flags: 
Id flags: 

The output was:
0


Compilation of the CXX compiler identification source "CMakeCXXCompilerId.cpp" produced "a.out"

The CXX compiler identification is GNU, found in "/home/dieheart/workspace/AGILE/build/CMakeFiles/3.0.2/CompilerIdCXX/a.out"

Determining if the CXX compiler works passed with the following output:
Change Dir: /home/dieheart/workspace/AGILE/build/CMakeFiles/CMakeTmp

Run Build Command:"/usr/bin/gmake" "cmTryCompileExec1919163652/fast"
/usr/bin/gmake -f CMakeFiles/cmTryCompileExec1919163652.dir/build.make CMakeFiles/cmTryCompileExec1919163652.dir/build
gmake[1]: Entering directory '/home/dieheart/workspace/AGILE/build/CMakeFiles/CMakeTmp'
/usr/bin/cmake -E cmake_progress_report /home/dieheart/workspace/AGILE/build/CMakeFiles/CMakeTmp/CMakeFiles 1
Building CXX object CMakeFiles/cmTryCompileExec1919163652.dir/testCXXCompiler.cxx.o
/usr/local/bin/c++     -o CMakeFiles/cmTryCompileExec1919163652.dir/testCXXCompiler.cxx.o -c /home/dieheart/workspace/AGILE/build/CMakeFiles/CMakeTmp/testCXXCompiler.cxx
Linking CXX executable cmTryCompileExec1919163652
/usr/bin/cmake -E cmake_link_script CMakeFiles/cmTryCompileExec1919163652.dir/link.txt --verbose=1
/usr/local/bin/c++        CMakeFiles/cmTryCompileExec1919163652.dir/testCXXCompiler.cxx.o  -o cmTryCompileExec1919163652 -rdynamic 
gmake[1]: Leaving directory '/home/dieheart/workspace/AGILE/build/CMakeFiles/CMakeTmp'


Detecting CXX compiler ABI info compiled with the following output:
Change Dir: /home/dieheart/workspace/AGILE/build/CMakeFiles/CMakeTmp

Run Build Command:"/usr/bin/gmake" "cmTryCompileExec692008788/fast"
/usr/bin/gmake -f CMakeFiles/cmTryCompileExec692008788.dir/build.make CMakeFiles/cmTryCompileExec692008788.dir/build
gmake[1]: Entering directory '/home/dieheart/workspace/AGILE/build/CMakeFiles/CMakeTmp'
/usr/bin/cmake -E cmake_progress_report /home/dieheart/workspace/AGILE/build/CMakeFiles/CMakeTmp/CMakeFiles 1
Building CXX object CMakeFiles/cmTryCompileExec692008788.dir/CMakeCXXCompilerABI.cpp.o
/usr/local/bin/c++     -o CMakeFiles/cmTryCompileExec692008788.dir/CMakeCXXCompilerABI.cpp.o -c /usr/share/cmake/Modules/CMakeCXXCompilerABI.cpp
Linking CXX executable cmTryCompileExec692008788
/usr/bin/cmake -E cmake_link_script CMakeFiles/cmTryCompileExec692008788.dir/link.txt --verbose=1
/usr/local/bin/c++      -v CMakeFiles/cmTryCompileExec692008788.dir/CMakeCXXCompilerABI.cpp.o  -o cmTryCompileExec692008788 -rdynamic  
Using built-in specs.
COLLECT_GCC=/usr/local/bin/c++
COLLECT_LTO_WRAPPER=/usr/local/lib/gcc/x86_64-unknown-linux-gnu/4.8.4/lto-wrapper
Target: x86_64-unknown-linux-gnu
Configured with: ./configure
Thread model: posix
gcc version 4.8.4 (GCC) 
COMPILER_PATH=/usr/local/lib/gcc/x86_64-unknown-linux-gnu/4.8.4/:/usr/local/lib/gcc/x86_64-unknown-linux-gnu/4.8.4/:/usr/local/lib/gcc/x86_64-unknown-linux-gnu/:/usr/local/lib64/gcc/x86_64-unknown-linux-gnu/4.8.4/:/usr/local/lib64/gcc/x86_64-unknown-linux-gnu/
LIBRARY_PATH=/usr/local/lib64/gcc/x86_64-unknown-linux-gnu/4.8.4/:/usr/local/lib64/gcc/x86_64-unknown-linux-gnu/4.8.4/../../../../lib64/:/lib/../lib64/:/usr/lib/../lib64/:/usr/local/lib64/gcc/x86_64-unknown-linux-gnu/4.8.4/../../../:/lib/:/usr/lib/
COLLECT_GCC_OPTIONS='-v' '-o' 'cmTryCompileExec692008788' '-rdynamic' '-shared-libgcc' '-mtune=generic' '-march=x86-64'
 /usr/local/lib/gcc/x86_64-unknown-linux-gnu/4.8.4/collect2 --eh-frame-hdr -m elf_x86_64 -export-dynamic -dynamic-linker /lib64/ld-linux-x86-64.so.2 -o cmTryCompileExec692008788 /usr/lib/../lib64/crt1.o /usr/lib/../lib64/crti.o /usr/local/lib64/gcc/x86_64-unknown-linux-gnu/4.8.4/crtbegin.o -L/usr/local/lib64/gcc/x86_64-unknown-linux-gnu/4.8.4 -L/usr/local/lib64/gcc/x86_64-unknown-linux-gnu/4.8.4/../../../../lib64 -L/lib/../lib64 -L/usr/lib/../lib64 -L/usr/local/lib64/gcc/x86_64-unknown-linux-gnu/4.8.4/../../.. CMakeFiles/cmTryCompileExec692008788.dir/CMakeCXXCompilerABI.cpp.o -lstdc++ -lm -lgcc_s -lgcc -lc -lgcc_s -lgcc /usr/local/lib64/gcc/x86_64-unknown-linux-gnu/4.8.4/crtend.o /usr/lib/../lib64/crtn.o
gmake[1]: Leaving directory '/home/dieheart/workspace/AGILE/build/CMakeFiles/CMakeTmp'


Parsed CXX implicit link information from above output:
  link line regex: [^( *|.*[/\])(ld|([^/\]+-)?ld|collect2)[^/\]*( |$)]
  ignore line: [Change Dir: /home/dieheart/workspace/AGILE/build/CMakeFiles/CMakeTmp]
  ignore line: []
  ignore line: [Run Build Command:"/usr/bin/gmake" "cmTryCompileExec692008788/fast"]
  ignore line: [/usr/bin/gmake -f CMakeFiles/cmTryCompileExec692008788.dir/build.make CMakeFiles/cmTryCompileExec692008788.dir/build]
  ignore line: [gmake[1]: Entering directory '/home/dieheart/workspace/AGILE/build/CMakeFiles/CMakeTmp']
  ignore line: [/usr/bin/cmake -E cmake_progress_report /home/dieheart/workspace/AGILE/build/CMakeFiles/CMakeTmp/CMakeFiles 1]
  ignore line: [Building CXX object CMakeFiles/cmTryCompileExec692008788.dir/CMakeCXXCompilerABI.cpp.o]
  ignore line: [/usr/local/bin/c++     -o CMakeFiles/cmTryCompileExec692008788.dir/CMakeCXXCompilerABI.cpp.o -c /usr/share/cmake/Modules/CMakeCXXCompilerABI.cpp]
  ignore line: [Linking CXX executable cmTryCompileExec692008788]
  ignore line: [/usr/bin/cmake -E cmake_link_script CMakeFiles/cmTryCompileExec692008788.dir/link.txt --verbose=1]
  ignore line: [/usr/local/bin/c++      -v CMakeFiles/cmTryCompileExec692008788.dir/CMakeCXXCompilerABI.cpp.o  -o cmTryCompileExec692008788 -rdynamic  ]
  ignore line: [Using built-in specs.]
  ignore line: [COLLECT_GCC=/usr/local/bin/c++]
  ignore line: [COLLECT_LTO_WRAPPER=/usr/local/lib/gcc/x86_64-unknown-linux-gnu/4.8.4/lto-wrapper]
  ignore line: [Target: x86_64-unknown-linux-gnu]
  ignore line: [Configured with: ./configure]
  ignore line: [Thread model: posix]
  ignore line: [gcc version 4.8.4 (GCC) ]
  ignore line: [COMPILER_PATH=/usr/local/lib/gcc/x86_64-unknown-linux-gnu/4.8.4/:/usr/local/lib/gcc/x86_64-unknown-linux-gnu/4.8.4/:/usr/local/lib/gcc/x86_64-unknown-linux-gnu/:/usr/local/lib64/gcc/x86_64-unknown-linux-gnu/4.8.4/:/usr/local/lib64/gcc/x86_64-unknown-linux-gnu/]
  ignore line: [LIBRARY_PATH=/usr/local/lib64/gcc/x86_64-unknown-linux-gnu/4.8.4/:/usr/local/lib64/gcc/x86_64-unknown-linux-gnu/4.8.4/../../../../lib64/:/lib/../lib64/:/usr/lib/../lib64/:/usr/local/lib64/gcc/x86_64-unknown-linux-gnu/4.8.4/../../../:/lib/:/usr/lib/]
  ignore line: [COLLECT_GCC_OPTIONS='-v' '-o' 'cmTryCompileExec692008788' '-rdynamic' '-shared-libgcc' '-mtune=generic' '-march=x86-64']
  link line: [ /usr/local/lib/gcc/x86_64-unknown-linux-gnu/4.8.4/collect2 --eh-frame-hdr -m elf_x86_64 -export-dynamic -dynamic-linker /lib64/ld-linux-x86-64.so.2 -o cmTryCompileExec692008788 /usr/lib/../lib64/crt1.o /usr/lib/../lib64/crti.o /usr/local/lib64/gcc/x86_64-unknown-linux-gnu/4.8.4/crtbegin.o -L/usr/local/lib64/gcc/x86_64-unknown-linux-gnu/4.8.4 -L/usr/local/lib64/gcc/x86_64-unknown-linux-gnu/4.8.4/../../../../lib64 -L/lib/../lib64 -L/usr/lib/../lib64 -L/usr/local/lib64/gcc/x86_64-unknown-linux-gnu/4.8.4/../../.. CMakeFiles/cmTryCompileExec692008788.dir/CMakeCXXCompilerABI.cpp.o -lstdc++ -lm -lgcc_s -lgcc -lc -lgcc_s -lgcc /usr/local/lib64/gcc/x86_64-unknown-linux-gnu/4.8.4/crtend.o /usr/lib/../lib64/crtn.o]
    arg [/usr/local/lib/gcc/x86_64-unknown-linux-gnu/4.8.4/collect2] ==> ignore
    arg [--eh-frame-hdr] ==> ignore
    arg [-m] ==> ignore
    arg [elf_x86_64] ==> ignore
    arg [-export-dynamic] ==> ignore
    arg [-dynamic-linker] ==> ignore
    arg [/lib64/ld-linux-x86-64.so.2] ==> ignore
    arg [-o] ==> ignore
    arg [cmTryCompileExec692008788] ==> ignore
    arg [/usr/lib/../lib64/crt1.o] ==> ignore
    arg [/usr/lib/../lib64/crti.o] ==> ignore
    arg [/usr/local/lib64/gcc/x86_64-unknown-linux-gnu/4.8.4/crtbegin.o] ==> ignore
    arg [-L/usr/local/lib64/gcc/x86_64-unknown-linux-gnu/4.8.4] ==> dir [/usr/local/lib64/gcc/x86_64-unknown-linux-gnu/4.8.4]
    arg [-L/usr/local/lib64/gcc/x86_64-unknown-linux-gnu/4.8.4/../../../../lib64] ==> dir [/usr/local/lib64/gcc/x86_64-unknown-linux-gnu/4.8.4/../../../../lib64]
    arg [-L/lib/../lib64] ==> dir [/lib/../lib64]
    arg [-L/usr/lib/../lib64] ==> dir [/usr/lib/../lib64]
    arg [-L/usr/local/lib64/gcc/x86_64-unknown-linux-gnu/4.8.4/../../..] ==> dir [/usr/local/lib64/gcc/x86_64-unknown-linux-gnu/4.8.4/../../..]
    arg [CMakeFiles/cmTryCompileExec692008788.dir/CMakeCXXCompilerABI.cpp.o] ==> ignore
    arg [-lstdc++] ==> lib [stdc++]
    arg [-lm] ==> lib [m]
    arg [-lgcc_s] ==> lib [gcc_s]
    arg [-lgcc] ==> lib [gcc]
    arg [-lc] ==> lib [c]
    arg [-lgcc_s] ==> lib [gcc_s]
    arg [-lgcc] ==> lib [gcc]
    arg [/usr/local/lib64/gcc/x86_64-unknown-linux-gnu/4.8.4/crtend.o] ==> ignore
    arg [/usr/lib/../lib64/crtn.o] ==> ignore
  remove lib [gcc_s]
  remove lib [gcc]
  remove lib [gcc_s]
  remove lib [gcc]
  collapse library dir [/usr/local/lib64/gcc/x86_64-unknown-linux-gnu/4.8.4] ==> [/usr/local/lib64/gcc/x86_64-unknown-linux-gnu/4.8.4]
  collapse library dir [/usr/local/lib64/gcc/x86_64-unknown-linux-gnu/4.8.4/../../../../lib64] ==> [/usr/local/lib64]
  collapse library dir [/lib/../lib64] ==> [/lib64]
  collapse library dir [/usr/lib/../lib64] ==> [/usr/lib64]
  collapse library dir [/usr/local/lib64/gcc/x86_64-unknown-linux-gnu/4.8.4/../../..] ==> [/usr/local/lib64]
  implicit libs: [stdc++;m;c]
  implicit dirs: [/usr/local/lib64/gcc/x86_64-unknown-linux-gnu/4.8.4;/usr/local/lib64;/lib64;/usr/lib64]
  implicit fwks: []


Compiling the C compiler identification source file "CMakeCCompilerId.c" succeeded.
Compiler: /usr/local/bin/gcc 
Build flags: 
Id flags: 

The output was:
0


Compilation of the C compiler identification source "CMakeCCompilerId.c" produced "a.out"

The C compiler identification is GNU, found in "/home/dieheart/workspace/AGILE/build/CMakeFiles/3.0.2/CompilerIdC/a.out"

Determining if the C compiler works passed with the following output:
Change Dir: /home/dieheart/workspace/AGILE/build/CMakeFiles/CMakeTmp

Run Build Command:"/usr/bin/gmake" "cmTryCompileExec3772378619/fast"
/usr/bin/gmake -f CMakeFiles/cmTryCompileExec3772378619.dir/build.make CMakeFiles/cmTryCompileExec3772378619.dir/build
gmake[1]: Entering directory '/home/dieheart/workspace/AGILE/build/CMakeFiles/CMakeTmp'
/usr/bin/cmake -E cmake_progress_report /home/dieheart/workspace/AGILE/build/CMakeFiles/CMakeTmp/CMakeFiles 1
Building C object CMakeFiles/cmTryCompileExec3772378619.dir/testCCompiler.c.o
/usr/local/bin/gcc    -o CMakeFiles/cmTryCompileExec3772378619.dir/testCCompiler.c.o   -c /home/dieheart/workspace/AGILE/build/CMakeFiles/CMakeTmp/testCCompiler.c
Linking C executable cmTryCompileExec3772378619
/usr/bin/cmake -E cmake_link_script CMakeFiles/cmTryCompileExec3772378619.dir/link.txt --verbose=1
/usr/local/bin/gcc       CMakeFiles/cmTryCompileExec3772378619.dir/testCCompiler.c.o  -o cmTryCompileExec3772378619 -rdynamic 
gmake[1]: Leaving directory '/home/dieheart/workspace/AGILE/build/CMakeFiles/CMakeTmp'


Detecting C compiler ABI info compiled with the following output:
Change Dir: /home/dieheart/workspace/AGILE/build/CMakeFiles/CMakeTmp

Run Build Command:"/usr/bin/gmake" "cmTryCompileExec2952597856/fast"
/usr/bin/gmake -f CMakeFiles/cmTryCompileExec2952597856.dir/build.make CMakeFiles/cmTryCompileExec2952597856.dir/build
gmake[1]: Entering directory '/home/dieheart/workspace/AGILE/build/CMakeFiles/CMakeTmp'
/usr/bin/cmake -E cmake_progress_report /home/dieheart/workspace/AGILE/build/CMakeFiles/CMakeTmp/CMakeFiles 1
Building C object CMakeFiles/cmTryCompileExec2952597856.dir/CMakeCCompilerABI.c.o
/usr/local/bin/gcc    -o CMakeFiles/cmTryCompileExec2952597856.dir/CMakeCCompilerABI.c.o   -c /usr/share/cmake/Modules/CMakeCCompilerABI.c
Linking C executable cmTryCompileExec2952597856
/usr/bin/cmake -E cmake_link_script CMakeFiles/cmTryCompileExec2952597856.dir/link.txt --verbose=1
/usr/local/bin/gcc     -v CMakeFiles/cmTryCompileExec2952597856.dir/CMakeCCompilerABI.c.o  -o cmTryCompileExec2952597856 -rdynamic  
Using built-in specs.
COLLECT_GCC=/usr/local/bin/gcc
COLLECT_LTO_WRAPPER=/usr/local/lib/gcc/x86_64-unknown-linux-gnu/4.8.4/lto-wrapper
Target: x86_64-unknown-linux-gnu
Configured with: ./configure
Thread model: posix
gcc version 4.8.4 (GCC) 
COMPILER_PATH=/usr/local/lib/gcc/x86_64-unknown-linux-gnu/4.8.4/:/usr/local/lib/gcc/x86_64-unknown-linux-gnu/4.8.4/:/usr/local/lib/gcc/x86_64-unknown-linux-gnu/:/usr/local/lib64/gcc/x86_64-unknown-linux-gnu/4.8.4/:/usr/local/lib64/gcc/x86_64-unknown-linux-gnu/
LIBRARY_PATH=/usr/local/lib64/gcc/x86_64-unknown-linux-gnu/4.8.4/:/usr/local/lib64/gcc/x86_64-unknown-linux-gnu/4.8.4/../../../../lib64/:/lib/../lib64/:/usr/lib/../lib64/:/usr/local/lib64/gcc/x86_64-unknown-linux-gnu/4.8.4/../../../:/lib/:/usr/lib/
COLLECT_GCC_OPTIONS='-v' '-o' 'cmTryCompileExec2952597856' '-rdynamic' '-mtune=generic' '-march=x86-64'
 /usr/local/lib/gcc/x86_64-unknown-linux-gnu/4.8.4/collect2 --eh-frame-hdr -m elf_x86_64 -export-dynamic -dynamic-linker /lib64/ld-linux-x86-64.so.2 -o cmTryCompileExec2952597856 /usr/lib/../lib64/crt1.o /usr/lib/../lib64/crti.o /usr/local/lib64/gcc/x86_64-unknown-linux-gnu/4.8.4/crtbegin.o -L/usr/local/lib64/gcc/x86_64-unknown-linux-gnu/4.8.4 -L/usr/local/lib64/gcc/x86_64-unknown-linux-gnu/4.8.4/../../../../lib64 -L/lib/../lib64 -L/usr/lib/../lib64 -L/usr/local/lib64/gcc/x86_64-unknown-linux-gnu/4.8.4/../../.. CMakeFiles/cmTryCompileExec2952597856.dir/CMakeCCompilerABI.c.o -lgcc --as-needed -lgcc_s --no-as-needed -lc -lgcc --as-needed -lgcc_s --no-as-needed /usr/local/lib64/gcc/x86_64-unknown-linux-gnu/4.8.4/crtend.o /usr/lib/../lib64/crtn.o
gmake[1]: Leaving directory '/home/dieheart/workspace/AGILE/build/CMakeFiles/CMakeTmp'


Parsed C implicit link information from above output:
  link line regex: [^( *|.*[/\])(ld|([^/\]+-)?ld|collect2)[^/\]*( |$)]
  ignore line: [Change Dir: /home/dieheart/workspace/AGILE/build/CMakeFiles/CMakeTmp]
  ignore line: []
  ignore line: [Run Build Command:"/usr/bin/gmake" "cmTryCompileExec2952597856/fast"]
  ignore line: [/usr/bin/gmake -f CMakeFiles/cmTryCompileExec2952597856.dir/build.make CMakeFiles/cmTryCompileExec2952597856.dir/build]
  ignore line: [gmake[1]: Entering directory '/home/dieheart/workspace/AGILE/build/CMakeFiles/CMakeTmp']
  ignore line: [/usr/bin/cmake -E cmake_progress_report /home/dieheart/workspace/AGILE/build/CMakeFiles/CMakeTmp/CMakeFiles 1]
  ignore line: [Building C object CMakeFiles/cmTryCompileExec2952597856.dir/CMakeCCompilerABI.c.o]
  ignore line: [/usr/local/bin/gcc    -o CMakeFiles/cmTryCompileExec2952597856.dir/CMakeCCompilerABI.c.o   -c /usr/share/cmake/Modules/CMakeCCompilerABI.c]
  ignore line: [Linking C executable cmTryCompileExec2952597856]
  ignore line: [/usr/bin/cmake -E cmake_link_script CMakeFiles/cmTryCompileExec2952597856.dir/link.txt --verbose=1]
  ignore line: [/usr/local/bin/gcc     -v CMakeFiles/cmTryCompileExec2952597856.dir/CMakeCCompilerABI.c.o  -o cmTryCompileExec2952597856 -rdynamic  ]
  ignore line: [Using built-in specs.]
  ignore line: [COLLECT_GCC=/usr/local/bin/gcc]
  ignore line: [COLLECT_LTO_WRAPPER=/usr/local/lib/gcc/x86_64-unknown-linux-gnu/4.8.4/lto-wrapper]
  ignore line: [Target: x86_64-unknown-linux-gnu]
  ignore line: [Configured with: ./configure]
  ignore line: [Thread model: posix]
  ignore line: [gcc version 4.8.4 (GCC) ]
  ignore line: [COMPILER_PATH=/usr/local/lib/gcc/x86_64-unknown-linux-gnu/4.8.4/:/usr/local/lib/gcc/x86_64-unknown-linux-gnu/4.8.4/:/usr/local/lib/gcc/x86_64-unknown-linux-gnu/:/usr/local/lib64/gcc/x86_64-unknown-linux-gnu/4.8.4/:/usr/local/lib64/gcc/x86_64-unknown-linux-gnu/]
  ignore line: [LIBRARY_PATH=/usr/local/lib64/gcc/x86_64-unknown-linux-gnu/4.8.4/:/usr/local/lib64/gcc/x86_64-unknown-linux-gnu/4.8.4/../../../../lib64/:/lib/../lib64/:/usr/lib/../lib64/:/usr/local/lib64/gcc/x86_64-unknown-linux-gnu/4.8.4/../../../:/lib/:/usr/lib/]
  ignore line: [COLLECT_GCC_OPTIONS='-v' '-o' 'cmTryCompileExec2952597856' '-rdynamic' '-mtune=generic' '-march=x86-64']
  link line: [ /usr/local/lib/gcc/x86_64-unknown-linux-gnu/4.8.4/collect2 --eh-frame-hdr -m elf_x86_64 -export-dynamic -dynamic-linker /lib64/ld-linux-x86-64.so.2 -o cmTryCompileExec2952597856 /usr/lib/../lib64/crt1.o /usr/lib/../lib64/crti.o /usr/local/lib64/gcc/x86_64-unknown-linux-gnu/4.8.4/crtbegin.o -L/usr/local/lib64/gcc/x86_64-unknown-linux-gnu/4.8.4 -L/usr/local/lib64/gcc/x86_64-unknown-linux-gnu/4.8.4/../../../../lib64 -L/lib/../lib64 -L/usr/lib/../lib64 -L/usr/local/lib64/gcc/x86_64-unknown-linux-gnu/4.8.4/../../.. CMakeFiles/cmTryCompileExec2952597856.dir/CMakeCCompilerABI.c.o -lgcc --as-needed -lgcc_s --no-as-needed -lc -lgcc --as-needed -lgcc_s --no-as-needed /usr/local/lib64/gcc/x86_64-unknown-linux-gnu/4.8.4/crtend.o /usr/lib/../lib64/crtn.o]
    arg [/usr/local/lib/gcc/x86_64-unknown-linux-gnu/4.8.4/collect2] ==> ignore
    arg [--eh-frame-hdr] ==> ignore
    arg [-m] ==> ignore
    arg [elf_x86_64] ==> ignore
    arg [-export-dynamic] ==> ignore
    arg [-dynamic-linker] ==> ignore
    arg [/lib64/ld-linux-x86-64.so.2] ==> ignore
    arg [-o] ==> ignore
    arg [cmTryCompileExec2952597856] ==> ignore
    arg [/usr/lib/../lib64/crt1.o] ==> ignore
    arg [/usr/lib/../lib64/crti.o] ==> ignore
    arg [/usr/local/lib64/gcc/x86_64-unknown-linux-gnu/4.8.4/crtbegin.o] ==> ignore
    arg [-L/usr/local/lib64/gcc/x86_64-unknown-linux-gnu/4.8.4] ==> dir [/usr/local/lib64/gcc/x86_64-unknown-linux-gnu/4.8.4]
    arg [-L/usr/local/lib64/gcc/x86_64-unknown-linux-gnu/4.8.4/../../../../lib64] ==> dir [/usr/local/lib64/gcc/x86_64-unknown-linux-gnu/4.8.4/../../../../lib64]
    arg [-L/lib/../lib64] ==> dir [/lib/../lib64]
    arg [-L/usr/lib/../lib64] ==> dir [/usr/lib/../lib64]
    arg [-L/usr/local/lib64/gcc/x86_64-unknown-linux-gnu/4.8.4/../../..] ==> dir [/usr/local/lib64/gcc/x86_64-unknown-linux-gnu/4.8.4/../../..]
    arg [CMakeFiles/cmTryCompileExec2952597856.dir/CMakeCCompilerABI.c.o] ==> ignore
    arg [-lgcc] ==> lib [gcc]
    arg [--as-needed] ==> ignore
    arg [-lgcc_s] ==> lib [gcc_s]
    arg [--no-as-needed] ==> ignore
    arg [-lc] ==> lib [c]
    arg [-lgcc] ==> lib [gcc]
    arg [--as-needed] ==> ignore
    arg [-lgcc_s] ==> lib [gcc_s]
    arg [--no-as-needed] ==> ignore
    arg [/usr/local/lib64/gcc/x86_64-unknown-linux-gnu/4.8.4/crtend.o] ==> ignore
    arg [/usr/lib/../lib64/crtn.o] ==> ignore
  remove lib [gcc]
  remove lib [gcc_s]
  remove lib [gcc]
  remove lib [gcc_s]
  collapse library dir [/usr/local/lib64/gcc/x86_64-unknown-linux-gnu/4.8.4] ==> [/usr/local/lib64/gcc/x86_64-unknown-linux-gnu/4.8.4]
  collapse library dir [/usr/local/lib64/gcc/x86_64-unknown-linux-gnu/4.8.4/../../../../lib64] ==> [/usr/local/lib64]
  collapse library dir [/lib/../lib64] ==> [/lib64]
  collapse library dir [/usr/lib/../lib64] ==> [/usr/lib64]
  collapse library dir [/usr/local/lib64/gcc/x86_64-unknown-linux-gnu/4.8.4/../../..] ==> [/usr/local/lib64]
  implicit libs: [c]
  implicit dirs: [/usr/local/lib64/gcc/x86_64-unknown-linux-gnu/4.8.4;/usr/local/lib64;/lib64;/usr/lib64]
  implicit fwks: []


Determining if the Q_WS_X11 exist passed with the following output:
Change Dir: /home/dieheart/workspace/AGILE/build/CMakeFiles/CMakeTmp

Run Build Command:"/usr/bin/gmake" "cmTryCompileExec2906784469/fast"
/usr/bin/gmake -f CMakeFiles/cmTryCompileExec2906784469.dir/build.make CMakeFiles/cmTryCompileExec2906784469.dir/build
gmake[1]: Entering directory '/home/dieheart/workspace/AGILE/build/CMakeFiles/CMakeTmp'
/usr/bin/cmake -E cmake_progress_report /home/dieheart/workspace/AGILE/build/CMakeFiles/CMakeTmp/CMakeFiles 1
Building CXX object CMakeFiles/cmTryCompileExec2906784469.dir/CheckSymbolExists.cxx.o
/usr/local/bin/c++     -o CMakeFiles/cmTryCompileExec2906784469.dir/CheckSymbolExists.cxx.o -c /home/dieheart/workspace/AGILE/build/CMakeFiles/CMakeTmp/CheckSymbolExists.cxx
Linking CXX executable cmTryCompileExec2906784469
/usr/bin/cmake -E cmake_link_script CMakeFiles/cmTryCompileExec2906784469.dir/link.txt --verbose=1
/usr/local/bin/c++        CMakeFiles/cmTryCompileExec2906784469.dir/CheckSymbolExists.cxx.o  -o cmTryCompileExec2906784469 -rdynamic 
gmake[1]: Leaving directory '/home/dieheart/workspace/AGILE/build/CMakeFiles/CMakeTmp'

File /home/dieheart/workspace/AGILE/build/CMakeFiles/CMakeTmp/CheckSymbolExists.cxx:
/* */
#include <QtCore/qglobal.h>

int main(int argc, char** argv)
{
  (void)argv;
#ifndef Q_WS_X11
  return ((int*)(&Q_WS_X11))[argc];
#else
  (void)argc;
  return 0;
#endif
}

The system is: Linux - 3.16.7-21-desktop - x86_64
Compiling the CXX compiler identification source file "CMakeCXXCompilerId.cpp" succeeded.
Compiler: /usr/local/bin/c++ 
Build flags: 
Id flags: 

The output was:
0


Compilation of the CXX compiler identification source "CMakeCXXCompilerId.cpp" produced "a.out"

The CXX compiler identification is GNU, found in "/home/dieheart/workspace/AGILE/build/CMakeFiles/3.2.2/CompilerIdCXX/a.out"

Determining if the CXX compiler works passed with the following output:
Change Dir: /home/dieheart/workspace/AGILE/build/CMakeFiles/CMakeTmp

Run Build Command:"/usr/bin/gmake" "cmTryCompileExec4063915919/fast"
/usr/bin/gmake -f CMakeFiles/cmTryCompileExec4063915919.dir/build.make CMakeFiles/cmTryCompileExec4063915919.dir/build
gmake[1]: Entering directory '/home/dieheart/workspace/AGILE/build/CMakeFiles/CMakeTmp'
/usr/local/bin/cmake -E cmake_progress_report /home/dieheart/workspace/AGILE/build/CMakeFiles/CMakeTmp/CMakeFiles 1
Building CXX object CMakeFiles/cmTryCompileExec4063915919.dir/testCXXCompiler.cxx.o
/usr/local/bin/c++     -o CMakeFiles/cmTryCompileExec4063915919.dir/testCXXCompiler.cxx.o -c /home/dieheart/workspace/AGILE/build/CMakeFiles/CMakeTmp/testCXXCompiler.cxx
Linking CXX executable cmTryCompileExec4063915919
/usr/local/bin/cmake -E cmake_link_script CMakeFiles/cmTryCompileExec4063915919.dir/link.txt --verbose=1
/usr/local/bin/c++        CMakeFiles/cmTryCompileExec4063915919.dir/testCXXCompiler.cxx.o  -o cmTryCompileExec4063915919 -rdynamic 
gmake[1]: Leaving directory '/home/dieheart/workspace/AGILE/build/CMakeFiles/CMakeTmp'


Detecting CXX compiler ABI info compiled with the following output:
Change Dir: /home/dieheart/workspace/AGILE/build/CMakeFiles/CMakeTmp

Run Build Command:"/usr/bin/gmake" "cmTryCompileExec3090764594/fast"
/usr/bin/gmake -f CMakeFiles/cmTryCompileExec3090764594.dir/build.make CMakeFiles/cmTryCompileExec3090764594.dir/build
gmake[1]: Entering directory '/home/dieheart/workspace/AGILE/build/CMakeFiles/CMakeTmp'
/usr/local/bin/cmake -E cmake_progress_report /home/dieheart/workspace/AGILE/build/CMakeFiles/CMakeTmp/CMakeFiles 1
Building CXX object CMakeFiles/cmTryCompileExec3090764594.dir/CMakeCXXCompilerABI.cpp.o
/usr/local/bin/c++     -o CMakeFiles/cmTryCompileExec3090764594.dir/CMakeCXXCompilerABI.cpp.o -c /usr/local/share/cmake-3.2/Modules/CMakeCXXCompilerABI.cpp
Linking CXX executable cmTryCompileExec3090764594
/usr/local/bin/cmake -E cmake_link_script CMakeFiles/cmTryCompileExec3090764594.dir/link.txt --verbose=1
/usr/local/bin/c++       -v CMakeFiles/cmTryCompileExec3090764594.dir/CMakeCXXCompilerABI.cpp.o  -o cmTryCompileExec3090764594 -rdynamic  
Using built-in specs.
COLLECT_GCC=/usr/local/bin/c++
COLLECT_LTO_WRAPPER=/usr/local/lib/gcc/x86_64-unknown-linux-gnu/4.8.4/lto-wrapper
Target: x86_64-unknown-linux-gnu
Configured with: ./configure
Thread model: posix
gcc version 4.8.4 (GCC) 
COMPILER_PATH=/usr/local/lib/gcc/x86_64-unknown-linux-gnu/4.8.4/:/usr/local/lib/gcc/x86_64-unknown-linux-gnu/4.8.4/:/usr/local/lib/gcc/x86_64-unknown-linux-gnu/:/usr/local/lib64/gcc/x86_64-unknown-linux-gnu/4.8.4/:/usr/local/lib64/gcc/x86_64-unknown-linux-gnu/
LIBRARY_PATH=/usr/local/lib64/gcc/x86_64-unknown-linux-gnu/4.8.4/:/usr/local/lib64/gcc/x86_64-unknown-linux-gnu/4.8.4/../../../../lib64/:/lib/../lib64/:/usr/lib/../lib64/:/usr/local/lib64/gcc/x86_64-unknown-linux-gnu/4.8.4/../../../:/lib/:/usr/lib/
COLLECT_GCC_OPTIONS='-v' '-o' 'cmTryCompileExec3090764594' '-rdynamic' '-shared-libgcc' '-mtune=generic' '-march=x86-64'
 /usr/local/lib/gcc/x86_64-unknown-linux-gnu/4.8.4/collect2 --eh-frame-hdr -m elf_x86_64 -export-dynamic -dynamic-linker /lib64/ld-linux-x86-64.so.2 -o cmTryCompileExec3090764594 /usr/lib/../lib64/crt1.o /usr/lib/../lib64/crti.o /usr/local/lib64/gcc/x86_64-unknown-linux-gnu/4.8.4/crtbegin.o -L/usr/local/lib64/gcc/x86_64-unknown-linux-gnu/4.8.4 -L/usr/local/lib64/gcc/x86_64-unknown-linux-gnu/4.8.4/../../../../lib64 -L/lib/../lib64 -L/usr/lib/../lib64 -L/usr/local/lib64/gcc/x86_64-unknown-linux-gnu/4.8.4/../../.. CMakeFiles/cmTryCompileExec3090764594.dir/CMakeCXXCompilerABI.cpp.o -lstdc++ -lm -lgcc_s -lgcc -lc -lgcc_s -lgcc /usr/local/lib64/gcc/x86_64-unknown-linux-gnu/4.8.4/crtend.o /usr/lib/../lib64/crtn.o
gmake[1]: Leaving directory '/home/dieheart/workspace/AGILE/build/CMakeFiles/CMakeTmp'


Parsed CXX implicit link information from above output:
  link line regex: [^( *|.*[/\])(ld|([^/\]+-)?ld|collect2)[^/\]*( |$)]
  ignore line: [Change Dir: /home/dieheart/workspace/AGILE/build/CMakeFiles/CMakeTmp]
  ignore line: []
  ignore line: [Run Build Command:"/usr/bin/gmake" "cmTryCompileExec3090764594/fast"]
  ignore line: [/usr/bin/gmake -f CMakeFiles/cmTryCompileExec3090764594.dir/build.make CMakeFiles/cmTryCompileExec3090764594.dir/build]
  ignore line: [gmake[1]: Entering directory '/home/dieheart/workspace/AGILE/build/CMakeFiles/CMakeTmp']
  ignore line: [/usr/local/bin/cmake -E cmake_progress_report /home/dieheart/workspace/AGILE/build/CMakeFiles/CMakeTmp/CMakeFiles 1]
  ignore line: [Building CXX object CMakeFiles/cmTryCompileExec3090764594.dir/CMakeCXXCompilerABI.cpp.o]
  ignore line: [/usr/local/bin/c++     -o CMakeFiles/cmTryCompileExec3090764594.dir/CMakeCXXCompilerABI.cpp.o -c /usr/local/share/cmake-3.2/Modules/CMakeCXXCompilerABI.cpp]
  ignore line: [Linking CXX executable cmTryCompileExec3090764594]
  ignore line: [/usr/local/bin/cmake -E cmake_link_script CMakeFiles/cmTryCompileExec3090764594.dir/link.txt --verbose=1]
  ignore line: [/usr/local/bin/c++       -v CMakeFiles/cmTryCompileExec3090764594.dir/CMakeCXXCompilerABI.cpp.o  -o cmTryCompileExec3090764594 -rdynamic  ]
  ignore line: [Using built-in specs.]
  ignore line: [COLLECT_GCC=/usr/local/bin/c++]
  ignore line: [COLLECT_LTO_WRAPPER=/usr/local/lib/gcc/x86_64-unknown-linux-gnu/4.8.4/lto-wrapper]
  ignore line: [Target: x86_64-unknown-linux-gnu]
  ignore line: [Configured with: ./configure]
  ignore line: [Thread model: posix]
  ignore line: [gcc version 4.8.4 (GCC) ]
  ignore line: [COMPILER_PATH=/usr/local/lib/gcc/x86_64-unknown-linux-gnu/4.8.4/:/usr/local/lib/gcc/x86_64-unknown-linux-gnu/4.8.4/:/usr/local/lib/gcc/x86_64-unknown-linux-gnu/:/usr/local/lib64/gcc/x86_64-unknown-linux-gnu/4.8.4/:/usr/local/lib64/gcc/x86_64-unknown-linux-gnu/]
  ignore line: [LIBRARY_PATH=/usr/local/lib64/gcc/x86_64-unknown-linux-gnu/4.8.4/:/usr/local/lib64/gcc/x86_64-unknown-linux-gnu/4.8.4/../../../../lib64/:/lib/../lib64/:/usr/lib/../lib64/:/usr/local/lib64/gcc/x86_64-unknown-linux-gnu/4.8.4/../../../:/lib/:/usr/lib/]
  ignore line: [COLLECT_GCC_OPTIONS='-v' '-o' 'cmTryCompileExec3090764594' '-rdynamic' '-shared-libgcc' '-mtune=generic' '-march=x86-64']
  link line: [ /usr/local/lib/gcc/x86_64-unknown-linux-gnu/4.8.4/collect2 --eh-frame-hdr -m elf_x86_64 -export-dynamic -dynamic-linker /lib64/ld-linux-x86-64.so.2 -o cmTryCompileExec3090764594 /usr/lib/../lib64/crt1.o /usr/lib/../lib64/crti.o /usr/local/lib64/gcc/x86_64-unknown-linux-gnu/4.8.4/crtbegin.o -L/usr/local/lib64/gcc/x86_64-unknown-linux-gnu/4.8.4 -L/usr/local/lib64/gcc/x86_64-unknown-linux-gnu/4.8.4/../../../../lib64 -L/lib/../lib64 -L/usr/lib/../lib64 -L/usr/local/lib64/gcc/x86_64-unknown-linux-gnu/4.8.4/../../.. CMakeFiles/cmTryCompileExec3090764594.dir/CMakeCXXCompilerABI.cpp.o -lstdc++ -lm -lgcc_s -lgcc -lc -lgcc_s -lgcc /usr/local/lib64/gcc/x86_64-unknown-linux-gnu/4.8.4/crtend.o /usr/lib/../lib64/crtn.o]
    arg [/usr/local/lib/gcc/x86_64-unknown-linux-gnu/4.8.4/collect2] ==> ignore
    arg [--eh-frame-hdr] ==> ignore
    arg [-m] ==> ignore
    arg [elf_x86_64] ==> ignore
    arg [-export-dynamic] ==> ignore
    arg [-dynamic-linker] ==> ignore
    arg [/lib64/ld-linux-x86-64.so.2] ==> ignore
    arg [-o] ==> ignore
    arg [cmTryCompileExec3090764594] ==> ignore
    arg [/usr/lib/../lib64/crt1.o] ==> ignore
    arg [/usr/lib/../lib64/crti.o] ==> ignore
    arg [/usr/local/lib64/gcc/x86_64-unknown-linux-gnu/4.8.4/crtbegin.o] ==> ignore
    arg [-L/usr/local/lib64/gcc/x86_64-unknown-linux-gnu/4.8.4] ==> dir [/usr/local/lib64/gcc/x86_64-unknown-linux-gnu/4.8.4]
    arg [-L/usr/local/lib64/gcc/x86_64-unknown-linux-gnu/4.8.4/../../../../lib64] ==> dir [/usr/local/lib64/gcc/x86_64-unknown-linux-gnu/4.8.4/../../../../lib64]
    arg [-L/lib/../lib64] ==> dir [/lib/../lib64]
    arg [-L/usr/lib/../lib64] ==> dir [/usr/lib/../lib64]
    arg [-L/usr/local/lib64/gcc/x86_64-unknown-linux-gnu/4.8.4/../../..] ==> dir [/usr/local/lib64/gcc/x86_64-unknown-linux-gnu/4.8.4/../../..]
    arg [CMakeFiles/cmTryCompileExec3090764594.dir/CMakeCXXCompilerABI.cpp.o] ==> ignore
    arg [-lstdc++] ==> lib [stdc++]
    arg [-lm] ==> lib [m]
    arg [-lgcc_s] ==> lib [gcc_s]
    arg [-lgcc] ==> lib [gcc]
    arg [-lc] ==> lib [c]
    arg [-lgcc_s] ==> lib [gcc_s]
    arg [-lgcc] ==> lib [gcc]
    arg [/usr/local/lib64/gcc/x86_64-unknown-linux-gnu/4.8.4/crtend.o] ==> ignore
    arg [/usr/lib/../lib64/crtn.o] ==> ignore
  remove lib [gcc_s]
  remove lib [gcc]
  remove lib [gcc_s]
  remove lib [gcc]
  collapse library dir [/usr/local/lib64/gcc/x86_64-unknown-linux-gnu/4.8.4] ==> [/usr/local/lib64/gcc/x86_64-unknown-linux-gnu/4.8.4]
  collapse library dir [/usr/local/lib64/gcc/x86_64-unknown-linux-gnu/4.8.4/../../../../lib64] ==> [/usr/local/lib64]
  collapse library dir [/lib/../lib64] ==> [/lib64]
  collapse library dir [/usr/lib/../lib64] ==> [/usr/lib64]
  collapse library dir [/usr/local/lib64/gcc/x86_64-unknown-linux-gnu/4.8.4/../../..] ==> [/usr/local/lib64]
  implicit libs: [stdc++;m;c]
  implicit dirs: [/usr/local/lib64/gcc/x86_64-unknown-linux-gnu/4.8.4;/usr/local/lib64;/lib64;/usr/lib64]
  implicit fwks: []




Detecting CXX [-std=c++1y] compiler features compiled with the following output:
Change Dir: /home/dieheart/workspace/AGILE/build/CMakeFiles/CMakeTmp

Run Build Command:"/usr/bin/gmake" "cmTryCompileExec2521720643/fast"
/usr/bin/gmake -f CMakeFiles/cmTryCompileExec2521720643.dir/build.make CMakeFiles/cmTryCompileExec2521720643.dir/build
gmake[1]: Entering directory '/home/dieheart/workspace/AGILE/build/CMakeFiles/CMakeTmp'
/usr/local/bin/cmake -E cmake_progress_report /home/dieheart/workspace/AGILE/build/CMakeFiles/CMakeTmp/CMakeFiles 1
Building CXX object CMakeFiles/cmTryCompileExec2521720643.dir/feature_tests.cxx.o
/usr/local/bin/c++    -std=c++1y -o CMakeFiles/cmTryCompileExec2521720643.dir/feature_tests.cxx.o -c /home/dieheart/workspace/AGILE/build/CMakeFiles/feature_tests.cxx
Linking CXX executable cmTryCompileExec2521720643
/usr/local/bin/cmake -E cmake_link_script CMakeFiles/cmTryCompileExec2521720643.dir/link.txt --verbose=1
/usr/local/bin/c++        CMakeFiles/cmTryCompileExec2521720643.dir/feature_tests.cxx.o  -o cmTryCompileExec2521720643 -rdynamic 
gmake[1]: Leaving directory '/home/dieheart/workspace/AGILE/build/CMakeFiles/CMakeTmp'


    Feature record: CXX_FEATURE:0cxx_aggregate_default_initializers
    Feature record: CXX_FEATURE:1cxx_alias_templates
    Feature record: CXX_FEATURE:1cxx_alignas
    Feature record: CXX_FEATURE:1cxx_alignof
    Feature record: CXX_FEATURE:1cxx_attributes
    Feature record: CXX_FEATURE:0cxx_attribute_deprecated
    Feature record: CXX_FEATURE:1cxx_auto_type
    Feature record: CXX_FEATURE:0cxx_binary_literals
    Feature record: CXX_FEATURE:1cxx_constexpr
    Feature record: CXX_FEATURE:0cxx_contextual_conversions
    Feature record: CXX_FEATURE:1cxx_decltype
    Feature record: CXX_FEATURE:0cxx_decltype_auto
    Feature record: CXX_FEATURE:1cxx_decltype_incomplete_return_types
    Feature record: CXX_FEATURE:1cxx_default_function_template_args
    Feature record: CXX_FEATURE:1cxx_defaulted_functions
    Feature record: CXX_FEATURE:1cxx_defaulted_move_initializers
    Feature record: CXX_FEATURE:1cxx_delegating_constructors
    Feature record: CXX_FEATURE:1cxx_deleted_functions
    Feature record: CXX_FEATURE:0cxx_digit_separators
    Feature record: CXX_FEATURE:1cxx_enum_forward_declarations
    Feature record: CXX_FEATURE:1cxx_explicit_conversions
    Feature record: CXX_FEATURE:1cxx_extended_friend_declarations
    Feature record: CXX_FEATURE:1cxx_extern_templates
    Feature record: CXX_FEATURE:1cxx_final
    Feature record: CXX_FEATURE:1cxx_func_identifier
    Feature record: CXX_FEATURE:1cxx_generalized_initializers
    Feature record: CXX_FEATURE:0cxx_generic_lambdas
    Feature record: CXX_FEATURE:1cxx_inheriting_constructors
    Feature record: CXX_FEATURE:1cxx_inline_namespaces
    Feature record: CXX_FEATURE:1cxx_lambdas
    Feature record: CXX_FEATURE:0cxx_lambda_init_captures
    Feature record: CXX_FEATURE:1cxx_local_type_template_args
    Feature record: CXX_FEATURE:1cxx_long_long_type
    Feature record: CXX_FEATURE:1cxx_noexcept
    Feature record: CXX_FEATURE:1cxx_nonstatic_member_init
    Feature record: CXX_FEATURE:1cxx_nullptr
    Feature record: CXX_FEATURE:1cxx_override
    Feature record: CXX_FEATURE:1cxx_range_for
    Feature record: CXX_FEATURE:1cxx_raw_string_literals
    Feature record: CXX_FEATURE:1cxx_reference_qualified_functions
    Feature record: CXX_FEATURE:0cxx_relaxed_constexpr
    Feature record: CXX_FEATURE:0cxx_return_type_deduction
    Feature record: CXX_FEATURE:1cxx_right_angle_brackets
    Feature record: CXX_FEATURE:1cxx_rvalue_references
    Feature record: CXX_FEATURE:1cxx_sizeof_member
    Feature record: CXX_FEATURE:1cxx_static_assert
    Feature record: CXX_FEATURE:1cxx_strong_enums
    Feature record: CXX_FEATURE:1cxx_template_template_parameters
    Feature record: CXX_FEATURE:1cxx_thread_local
    Feature record: CXX_FEATURE:1cxx_trailing_return_types
    Feature record: CXX_FEATURE:1cxx_unicode_literals
    Feature record: CXX_FEATURE:1cxx_uniform_initialization
    Feature record: CXX_FEATURE:1cxx_unrestricted_unions
    Feature record: CXX_FEATURE:1cxx_user_literals
    Feature record: CXX_FEATURE:0cxx_variable_templates
    Feature record: CXX_FEATURE:1cxx_variadic_macros
    Feature record: CXX_FEATURE:1cxx_variadic_templates


Detecting CXX [-std=c++11] compiler features compiled with the following output:
Change Dir: /home/dieheart/workspace/AGILE/build/CMakeFiles/CMakeTmp

Run Build Command:"/usr/bin/gmake" "cmTryCompileExec4200453383/fast"
/usr/bin/gmake -f CMakeFiles/cmTryCompileExec4200453383.dir/build.make CMakeFiles/cmTryCompileExec4200453383.dir/build
gmake[1]: Entering directory '/home/dieheart/workspace/AGILE/build/CMakeFiles/CMakeTmp'
/usr/local/bin/cmake -E cmake_progress_report /home/dieheart/workspace/AGILE/build/CMakeFiles/CMakeTmp/CMakeFiles 1
Building CXX object CMakeFiles/cmTryCompileExec4200453383.dir/feature_tests.cxx.o
/usr/local/bin/c++    -std=c++11 -o CMakeFiles/cmTryCompileExec4200453383.dir/feature_tests.cxx.o -c /home/dieheart/workspace/AGILE/build/CMakeFiles/feature_tests.cxx
Linking CXX executable cmTryCompileExec4200453383
/usr/local/bin/cmake -E cmake_link_script CMakeFiles/cmTryCompileExec4200453383.dir/link.txt --verbose=1
/usr/local/bin/c++        CMakeFiles/cmTryCompileExec4200453383.dir/feature_tests.cxx.o  -o cmTryCompileExec4200453383 -rdynamic 
gmake[1]: Leaving directory '/home/dieheart/workspace/AGILE/build/CMakeFiles/CMakeTmp'


    Feature record: CXX_FEATURE:0cxx_aggregate_default_initializers
    Feature record: CXX_FEATURE:1cxx_alias_templates
    Feature record: CXX_FEATURE:1cxx_alignas
    Feature record: CXX_FEATURE:1cxx_alignof
    Feature record: CXX_FEATURE:1cxx_attributes
    Feature record: CXX_FEATURE:0cxx_attribute_deprecated
    Feature record: CXX_FEATURE:1cxx_auto_type
    Feature record: CXX_FEATURE:0cxx_binary_literals
    Feature record: CXX_FEATURE:1cxx_constexpr
    Feature record: CXX_FEATURE:0cxx_contextual_conversions
    Feature record: CXX_FEATURE:1cxx_decltype
    Feature record: CXX_FEATURE:0cxx_decltype_auto
    Feature record: CXX_FEATURE:1cxx_decltype_incomplete_return_types
    Feature record: CXX_FEATURE:1cxx_default_function_template_args
    Feature record: CXX_FEATURE:1cxx_defaulted_functions
    Feature record: CXX_FEATURE:1cxx_defaulted_move_initializers
    Feature record: CXX_FEATURE:1cxx_delegating_constructors
    Feature record: CXX_FEATURE:1cxx_deleted_functions
    Feature record: CXX_FEATURE:0cxx_digit_separators
    Feature record: CXX_FEATURE:1cxx_enum_forward_declarations
    Feature record: CXX_FEATURE:1cxx_explicit_conversions
    Feature record: CXX_FEATURE:1cxx_extended_friend_declarations
    Feature record: CXX_FEATURE:1cxx_extern_templates
    Feature record: CXX_FEATURE:1cxx_final
    Feature record: CXX_FEATURE:1cxx_func_identifier
    Feature record: CXX_FEATURE:1cxx_generalized_initializers
    Feature record: CXX_FEATURE:0cxx_generic_lambdas
    Feature record: CXX_FEATURE:1cxx_inheriting_constructors
    Feature record: CXX_FEATURE:1cxx_inline_namespaces
    Feature record: CXX_FEATURE:1cxx_lambdas
    Feature record: CXX_FEATURE:0cxx_lambda_init_captures
    Feature record: CXX_FEATURE:1cxx_local_type_template_args
    Feature record: CXX_FEATURE:1cxx_long_long_type
    Feature record: CXX_FEATURE:1cxx_noexcept
    Feature record: CXX_FEATURE:1cxx_nonstatic_member_init
    Feature record: CXX_FEATURE:1cxx_nullptr
    Feature record: CXX_FEATURE:1cxx_override
    Feature record: CXX_FEATURE:1cxx_range_for
    Feature record: CXX_FEATURE:1cxx_raw_string_literals
    Feature record: CXX_FEATURE:1cxx_reference_qualified_functions
    Feature record: CXX_FEATURE:0cxx_relaxed_constexpr
    Feature record: CXX_FEATURE:0cxx_return_type_deduction
    Feature record: CXX_FEATURE:1cxx_right_angle_brackets
    Feature record: CXX_FEATURE:1cxx_rvalue_references
    Feature record: CXX_FEATURE:1cxx_sizeof_member
    Feature record: CXX_FEATURE:1cxx_static_assert
    Feature record: CXX_FEATURE:1cxx_strong_enums
    Feature record: CXX_FEATURE:1cxx_template_template_parameters
    Feature record: CXX_FEATURE:1cxx_thread_local
    Feature record: CXX_FEATURE:1cxx_trailing_return_types
    Feature record: CXX_FEATURE:1cxx_unicode_literals
    Feature record: CXX_FEATURE:1cxx_uniform_initialization
    Feature record: CXX_FEATURE:1cxx_unrestricted_unions
    Feature record: CXX_FEATURE:1cxx_user_literals
    Feature record: CXX_FEATURE:0cxx_variable_templates
    Feature record: CXX_FEATURE:1cxx_variadic_macros
    Feature record: CXX_FEATURE:1cxx_variadic_templates


Detecting CXX [-std=c++98] compiler features compiled with the following output:
Change Dir: /home/dieheart/workspace/AGILE/build/CMakeFiles/CMakeTmp

Run Build Command:"/usr/bin/gmake" "cmTryCompileExec3257080772/fast"
/usr/bin/gmake -f CMakeFiles/cmTryCompileExec3257080772.dir/build.make CMakeFiles/cmTryCompileExec3257080772.dir/build
gmake[1]: Entering directory '/home/dieheart/workspace/AGILE/build/CMakeFiles/CMakeTmp'
/usr/local/bin/cmake -E cmake_progress_report /home/dieheart/workspace/AGILE/build/CMakeFiles/CMakeTmp/CMakeFiles 1
Building CXX object CMakeFiles/cmTryCompileExec3257080772.dir/feature_tests.cxx.o
/usr/local/bin/c++    -std=c++98 -o CMakeFiles/cmTryCompileExec3257080772.dir/feature_tests.cxx.o -c /home/dieheart/workspace/AGILE/build/CMakeFiles/feature_tests.cxx
Linking CXX executable cmTryCompileExec3257080772
/usr/local/bin/cmake -E cmake_link_script CMakeFiles/cmTryCompileExec3257080772.dir/link.txt --verbose=1
/usr/local/bin/c++        CMakeFiles/cmTryCompileExec3257080772.dir/feature_tests.cxx.o  -o cmTryCompileExec3257080772 -rdynamic 
gmake[1]: Leaving directory '/home/dieheart/workspace/AGILE/build/CMakeFiles/CMakeTmp'


    Feature record: CXX_FEATURE:0cxx_aggregate_default_initializers
    Feature record: CXX_FEATURE:0cxx_alias_templates
    Feature record: CXX_FEATURE:0cxx_alignas
    Feature record: CXX_FEATURE:0cxx_alignof
    Feature record: CXX_FEATURE:0cxx_attributes
    Feature record: CXX_FEATURE:0cxx_attribute_deprecated
    Feature record: CXX_FEATURE:0cxx_auto_type
    Feature record: CXX_FEATURE:0cxx_binary_literals
    Feature record: CXX_FEATURE:0cxx_constexpr
    Feature record: CXX_FEATURE:0cxx_contextual_conversions
    Feature record: CXX_FEATURE:0cxx_decltype
    Feature record: CXX_FEATURE:0cxx_decltype_auto
    Feature record: CXX_FEATURE:0cxx_decltype_incomplete_return_types
    Feature record: CXX_FEATURE:0cxx_default_function_template_args
    Feature record: CXX_FEATURE:0cxx_defaulted_functions
    Feature record: CXX_FEATURE:0cxx_defaulted_move_initializers
    Feature record: CXX_FEATURE:0cxx_delegating_constructors
    Feature record: CXX_FEATURE:0cxx_deleted_functions
    Feature record: CXX_FEATURE:0cxx_digit_separators
    Feature record: CXX_FEATURE:0cxx_enum_forward_declarations
    Feature record: CXX_FEATURE:0cxx_explicit_conversions
    Feature record: CXX_FEATURE:0cxx_extended_friend_declarations
    Feature record: CXX_FEATURE:0cxx_extern_templates
    Feature record: CXX_FEATURE:0cxx_final
    Feature record: CXX_FEATURE:0cxx_func_identifier
    Feature record: CXX_FEATURE:0cxx_generalized_initializers
    Feature record: CXX_FEATURE:0cxx_generic_lambdas
    Feature record: CXX_FEATURE:0cxx_inheriting_constructors
    Feature record: CXX_FEATURE:0cxx_inline_namespaces
    Feature record: CXX_FEATURE:0cxx_lambdas
    Feature record: CXX_FEATURE:0cxx_lambda_init_captures
    Feature record: CXX_FEATURE:0cxx_local_type_template_args
    Feature record: CXX_FEATURE:0cxx_long_long_type
    Feature record: CXX_FEATURE:0cxx_noexcept
    Feature record: CXX_FEATURE:0cxx_nonstatic_member_init
    Feature record: CXX_FEATURE:0cxx_nullptr
    Feature record: CXX_FEATURE:0cxx_override
    Feature record: CXX_FEATURE:0cxx_range_for
    Feature record: CXX_FEATURE:0cxx_raw_string_literals
    Feature record: CXX_FEATURE:0cxx_reference_qualified_functions
    Feature record: CXX_FEATURE:0cxx_relaxed_constexpr
    Feature record: CXX_FEATURE:0cxx_return_type_deduction
    Feature record: CXX_FEATURE:0cxx_right_angle_brackets
    Feature record: CXX_FEATURE:0cxx_rvalue_references
    Feature record: CXX_FEATURE:0cxx_sizeof_member
    Feature record: CXX_FEATURE:0cxx_static_assert
    Feature record: CXX_FEATURE:0cxx_strong_enums
    Feature record: CXX_FEATURE:1cxx_template_template_parameters
    Feature record: CXX_FEATURE:0cxx_thread_local
    Feature record: CXX_FEATURE:0cxx_trailing_return_types
    Feature record: CXX_FEATURE:0cxx_unicode_literals
    Feature record: CXX_FEATURE:0cxx_uniform_initialization
    Feature record: CXX_FEATURE:0cxx_unrestricted_unions
    Feature record: CXX_FEATURE:0cxx_user_literals
    Feature record: CXX_FEATURE:0cxx_variable_templates
    Feature record: CXX_FEATURE:0cxx_variadic_macros
    Feature record: CXX_FEATURE:0cxx_variadic_templates
Compiling the C compiler identification source file "CMakeCCompilerId.c" succeeded.
Compiler: /usr/local/bin/gcc 
Build flags: 
Id flags: 

The output was:
0


Compilation of the C compiler identification source "CMakeCCompilerId.c" produced "a.out"

The C compiler identification is GNU, found in "/home/dieheart/workspace/AGILE/build/CMakeFiles/3.2.2/CompilerIdC/a.out"

Determining if the C compiler works passed with the following output:
Change Dir: /home/dieheart/workspace/AGILE/build/CMakeFiles/CMakeTmp

Run Build Command:"/usr/bin/gmake" "cmTryCompileExec750371386/fast"
/usr/bin/gmake -f CMakeFiles/cmTryCompileExec750371386.dir/build.make CMakeFiles/cmTryCompileExec750371386.dir/build
gmake[1]: Entering directory '/home/dieheart/workspace/AGILE/build/CMakeFiles/CMakeTmp'
/usr/local/bin/cmake -E cmake_progress_report /home/dieheart/workspace/AGILE/build/CMakeFiles/CMakeTmp/CMakeFiles 1
Building C object CMakeFiles/cmTryCompileExec750371386.dir/testCCompiler.c.o
/usr/local/bin/gcc    -o CMakeFiles/cmTryCompileExec750371386.dir/testCCompiler.c.o   -c /home/dieheart/workspace/AGILE/build/CMakeFiles/CMakeTmp/testCCompiler.c
Linking C executable cmTryCompileExec750371386
/usr/local/bin/cmake -E cmake_link_script CMakeFiles/cmTryCompileExec750371386.dir/link.txt --verbose=1
/usr/local/bin/gcc       CMakeFiles/cmTryCompileExec750371386.dir/testCCompiler.c.o  -o cmTryCompileExec750371386 -rdynamic 
gmake[1]: Leaving directory '/home/dieheart/workspace/AGILE/build/CMakeFiles/CMakeTmp'


Detecting C compiler ABI info compiled with the following output:
Change Dir: /home/dieheart/workspace/AGILE/build/CMakeFiles/CMakeTmp

Run Build Command:"/usr/bin/gmake" "cmTryCompileExec3900531902/fast"
/usr/bin/gmake -f CMakeFiles/cmTryCompileExec3900531902.dir/build.make CMakeFiles/cmTryCompileExec3900531902.dir/build
gmake[1]: Entering directory '/home/dieheart/workspace/AGILE/build/CMakeFiles/CMakeTmp'
/usr/local/bin/cmake -E cmake_progress_report /home/dieheart/workspace/AGILE/build/CMakeFiles/CMakeTmp/CMakeFiles 1
Building C object CMakeFiles/cmTryCompileExec3900531902.dir/CMakeCCompilerABI.c.o
/usr/local/bin/gcc    -o CMakeFiles/cmTryCompileExec3900531902.dir/CMakeCCompilerABI.c.o   -c /usr/local/share/cmake-3.2/Modules/CMakeCCompilerABI.c
Linking C executable cmTryCompileExec3900531902
/usr/local/bin/cmake -E cmake_link_script CMakeFiles/cmTryCompileExec3900531902.dir/link.txt --verbose=1
/usr/local/bin/gcc      -v CMakeFiles/cmTryCompileExec3900531902.dir/CMakeCCompilerABI.c.o  -o cmTryCompileExec3900531902 -rdynamic  
Using built-in specs.
COLLECT_GCC=/usr/local/bin/gcc
COLLECT_LTO_WRAPPER=/usr/local/lib/gcc/x86_64-unknown-linux-gnu/4.8.4/lto-wrapper
Target: x86_64-unknown-linux-gnu
Configured with: ./configure
Thread model: posix
gcc version 4.8.4 (GCC) 
COMPILER_PATH=/usr/local/lib/gcc/x86_64-unknown-linux-gnu/4.8.4/:/usr/local/lib/gcc/x86_64-unknown-linux-gnu/4.8.4/:/usr/local/lib/gcc/x86_64-unknown-linux-gnu/:/usr/local/lib64/gcc/x86_64-unknown-linux-gnu/4.8.4/:/usr/local/lib64/gcc/x86_64-unknown-linux-gnu/
LIBRARY_PATH=/usr/local/lib64/gcc/x86_64-unknown-linux-gnu/4.8.4/:/usr/local/lib64/gcc/x86_64-unknown-linux-gnu/4.8.4/../../../../lib64/:/lib/../lib64/:/usr/lib/../lib64/:/usr/local/lib64/gcc/x86_64-unknown-linux-gnu/4.8.4/../../../:/lib/:/usr/lib/
COLLECT_GCC_OPTIONS='-v' '-o' 'cmTryCompileExec3900531902' '-rdynamic' '-mtune=generic' '-march=x86-64'
 /usr/local/lib/gcc/x86_64-unknown-linux-gnu/4.8.4/collect2 --eh-frame-hdr -m elf_x86_64 -export-dynamic -dynamic-linker /lib64/ld-linux-x86-64.so.2 -o cmTryCompileExec3900531902 /usr/lib/../lib64/crt1.o /usr/lib/../lib64/crti.o /usr/local/lib64/gcc/x86_64-unknown-linux-gnu/4.8.4/crtbegin.o -L/usr/local/lib64/gcc/x86_64-unknown-linux-gnu/4.8.4 -L/usr/local/lib64/gcc/x86_64-unknown-linux-gnu/4.8.4/../../../../lib64 -L/lib/../lib64 -L/usr/lib/../lib64 -L/usr/local/lib64/gcc/x86_64-unknown-linux-gnu/4.8.4/../../.. CMakeFiles/cmTryCompileExec3900531902.dir/CMakeCCompilerABI.c.o -lgcc --as-needed -lgcc_s --no-as-needed -lc -lgcc --as-needed -lgcc_s --no-as-needed /usr/local/lib64/gcc/x86_64-unknown-linux-gnu/4.8.4/crtend.o /usr/lib/../lib64/crtn.o
gmake[1]: Leaving directory '/home/dieheart/workspace/AGILE/build/CMakeFiles/CMakeTmp'


Parsed C implicit link information from above output:
  link line regex: [^( *|.*[/\])(ld|([^/\]+-)?ld|collect2)[^/\]*( |$)]
  ignore line: [Change Dir: /home/dieheart/workspace/AGILE/build/CMakeFiles/CMakeTmp]
  ignore line: []
  ignore line: [Run Build Command:"/usr/bin/gmake" "cmTryCompileExec3900531902/fast"]
  ignore line: [/usr/bin/gmake -f CMakeFiles/cmTryCompileExec3900531902.dir/build.make CMakeFiles/cmTryCompileExec3900531902.dir/build]
  ignore line: [gmake[1]: Entering directory '/home/dieheart/workspace/AGILE/build/CMakeFiles/CMakeTmp']
  ignore line: [/usr/local/bin/cmake -E cmake_progress_report /home/dieheart/workspace/AGILE/build/CMakeFiles/CMakeTmp/CMakeFiles 1]
  ignore line: [Building C object CMakeFiles/cmTryCompileExec3900531902.dir/CMakeCCompilerABI.c.o]
  ignore line: [/usr/local/bin/gcc    -o CMakeFiles/cmTryCompileExec3900531902.dir/CMakeCCompilerABI.c.o   -c /usr/local/share/cmake-3.2/Modules/CMakeCCompilerABI.c]
  ignore line: [Linking C executable cmTryCompileExec3900531902]
  ignore line: [/usr/local/bin/cmake -E cmake_link_script CMakeFiles/cmTryCompileExec3900531902.dir/link.txt --verbose=1]
  ignore line: [/usr/local/bin/gcc      -v CMakeFiles/cmTryCompileExec3900531902.dir/CMakeCCompilerABI.c.o  -o cmTryCompileExec3900531902 -rdynamic  ]
  ignore line: [Using built-in specs.]
  ignore line: [COLLECT_GCC=/usr/local/bin/gcc]
  ignore line: [COLLECT_LTO_WRAPPER=/usr/local/lib/gcc/x86_64-unknown-linux-gnu/4.8.4/lto-wrapper]
  ignore line: [Target: x86_64-unknown-linux-gnu]
  ignore line: [Configured with: ./configure]
  ignore line: [Thread model: posix]
  ignore line: [gcc version 4.8.4 (GCC) ]
  ignore line: [COMPILER_PATH=/usr/local/lib/gcc/x86_64-unknown-linux-gnu/4.8.4/:/usr/local/lib/gcc/x86_64-unknown-linux-gnu/4.8.4/:/usr/local/lib/gcc/x86_64-unknown-linux-gnu/:/usr/local/lib64/gcc/x86_64-unknown-linux-gnu/4.8.4/:/usr/local/lib64/gcc/x86_64-unknown-linux-gnu/]
  ignore line: [LIBRARY_PATH=/usr/local/lib64/gcc/x86_64-unknown-linux-gnu/4.8.4/:/usr/local/lib64/gcc/x86_64-unknown-linux-gnu/4.8.4/../../../../lib64/:/lib/../lib64/:/usr/lib/../lib64/:/usr/local/lib64/gcc/x86_64-unknown-linux-gnu/4.8.4/../../../:/lib/:/usr/lib/]
  ignore line: [COLLECT_GCC_OPTIONS='-v' '-o' 'cmTryCompileExec3900531902' '-rdynamic' '-mtune=generic' '-march=x86-64']
  link line: [ /usr/local/lib/gcc/x86_64-unknown-linux-gnu/4.8.4/collect2 --eh-frame-hdr -m elf_x86_64 -export-dynamic -dynamic-linker /lib64/ld-linux-x86-64.so.2 -o cmTryCompileExec3900531902 /usr/lib/../lib64/crt1.o /usr/lib/../lib64/crti.o /usr/local/lib64/gcc/x86_64-unknown-linux-gnu/4.8.4/crtbegin.o -L/usr/local/lib64/gcc/x86_64-unknown-linux-gnu/4.8.4 -L/usr/local/lib64/gcc/x86_64-unknown-linux-gnu/4.8.4/../../../../lib64 -L/lib/../lib64 -L/usr/lib/../lib64 -L/usr/local/lib64/gcc/x86_64-unknown-linux-gnu/4.8.4/../../.. CMakeFiles/cmTryCompileExec3900531902.dir/CMakeCCompilerABI.c.o -lgcc --as-needed -lgcc_s --no-as-needed -lc -lgcc --as-needed -lgcc_s --no-as-needed /usr/local/lib64/gcc/x86_64-unknown-linux-gnu/4.8.4/crtend.o /usr/lib/../lib64/crtn.o]
    arg [/usr/local/lib/gcc/x86_64-unknown-linux-gnu/4.8.4/collect2] ==> ignore
    arg [--eh-frame-hdr] ==> ignore
    arg [-m] ==> ignore
    arg [elf_x86_64] ==> ignore
    arg [-export-dynamic] ==> ignore
    arg [-dynamic-linker] ==> ignore
    arg [/lib64/ld-linux-x86-64.so.2] ==> ignore
    arg [-o] ==> ignore
    arg [cmTryCompileExec3900531902] ==> ignore
    arg [/usr/lib/../lib64/crt1.o] ==> ignore
    arg [/usr/lib/../lib64/crti.o] ==> ignore
    arg [/usr/local/lib64/gcc/x86_64-unknown-linux-gnu/4.8.4/crtbegin.o] ==> ignore
    arg [-L/usr/local/lib64/gcc/x86_64-unknown-linux-gnu/4.8.4] ==> dir [/usr/local/lib64/gcc/x86_64-unknown-linux-gnu/4.8.4]
    arg [-L/usr/local/lib64/gcc/x86_64-unknown-linux-gnu/4.8.4/../../../../lib64] ==> dir [/usr/local/lib64/gcc/x86_64-unknown-linux-gnu/4.8.4/../../../../lib64]
    arg [-L/lib/../lib64] ==> dir [/lib/../lib64]
    arg [-L/usr/lib/../lib64] ==> dir [/usr/lib/../lib64]
    arg [-L/usr/local/lib64/gcc/x86_64-unknown-linux-gnu/4.8.4/../../..] ==> dir [/usr/local/lib64/gcc/x86_64-unknown-linux-gnu/4.8.4/../../..]
    arg [CMakeFiles/cmTryCompileExec3900531902.dir/CMakeCCompilerABI.c.o] ==> ignore
    arg [-lgcc] ==> lib [gcc]
    arg [--as-needed] ==> ignore
    arg [-lgcc_s] ==> lib [gcc_s]
    arg [--no-as-needed] ==> ignore
    arg [-lc] ==> lib [c]
    arg [-lgcc] ==> lib [gcc]
    arg [--as-needed] ==> ignore
    arg [-lgcc_s] ==> lib [gcc_s]
    arg [--no-as-needed] ==> ignore
    arg [/usr/local/lib64/gcc/x86_64-unknown-linux-gnu/4.8.4/crtend.o] ==> ignore
    arg [/usr/lib/../lib64/crtn.o] ==> ignore
  remove lib [gcc]
  remove lib [gcc_s]
  remove lib [gcc]
  remove lib [gcc_s]
  collapse library dir [/usr/local/lib64/gcc/x86_64-unknown-linux-gnu/4.8.4] ==> [/usr/local/lib64/gcc/x86_64-unknown-linux-gnu/4.8.4]
  collapse library dir [/usr/local/lib64/gcc/x86_64-unknown-linux-gnu/4.8.4/../../../../lib64] ==> [/usr/local/lib64]
  collapse library dir [/lib/../lib64] ==> [/lib64]
  collapse library dir [/usr/lib/../lib64] ==> [/usr/lib64]
  collapse library dir [/usr/local/lib64/gcc/x86_64-unknown-linux-gnu/4.8.4/../../..] ==> [/usr/local/lib64]
  implicit libs: [c]
  implicit dirs: [/usr/local/lib64/gcc/x86_64-unknown-linux-gnu/4.8.4;/usr/local/lib64;/lib64;/usr/lib64]
  implicit fwks: []




Detecting C [-std=c11] compiler features compiled with the following output:
Change Dir: /home/dieheart/workspace/AGILE/build/CMakeFiles/CMakeTmp

Run Build Command:"/usr/bin/gmake" "cmTryCompileExec2823084168/fast"
/usr/bin/gmake -f CMakeFiles/cmTryCompileExec2823084168.dir/build.make CMakeFiles/cmTryCompileExec2823084168.dir/build
gmake[1]: Entering directory '/home/dieheart/workspace/AGILE/build/CMakeFiles/CMakeTmp'
/usr/local/bin/cmake -E cmake_progress_report /home/dieheart/workspace/AGILE/build/CMakeFiles/CMakeTmp/CMakeFiles 1
Building C object CMakeFiles/cmTryCompileExec2823084168.dir/feature_tests.c.o
/usr/local/bin/gcc   -std=c11 -o CMakeFiles/cmTryCompileExec2823084168.dir/feature_tests.c.o   -c /home/dieheart/workspace/AGILE/build/CMakeFiles/feature_tests.c
Linking C executable cmTryCompileExec2823084168
/usr/local/bin/cmake -E cmake_link_script CMakeFiles/cmTryCompileExec2823084168.dir/link.txt --verbose=1
/usr/local/bin/gcc       CMakeFiles/cmTryCompileExec2823084168.dir/feature_tests.c.o  -o cmTryCompileExec2823084168 -rdynamic 
gmake[1]: Leaving directory '/home/dieheart/workspace/AGILE/build/CMakeFiles/CMakeTmp'


    Feature record: C_FEATURE:1c_function_prototypes
    Feature record: C_FEATURE:1c_restrict
    Feature record: C_FEATURE:1c_static_assert
    Feature record: C_FEATURE:1c_variadic_macros


Detecting C [-std=c99] compiler features compiled with the following output:
Change Dir: /home/dieheart/workspace/AGILE/build/CMakeFiles/CMakeTmp

Run Build Command:"/usr/bin/gmake" "cmTryCompileExec950124828/fast"
/usr/bin/gmake -f CMakeFiles/cmTryCompileExec950124828.dir/build.make CMakeFiles/cmTryCompileExec950124828.dir/build
gmake[1]: Entering directory '/home/dieheart/workspace/AGILE/build/CMakeFiles/CMakeTmp'
/usr/local/bin/cmake -E cmake_progress_report /home/dieheart/workspace/AGILE/build/CMakeFiles/CMakeTmp/CMakeFiles 1
Building C object CMakeFiles/cmTryCompileExec950124828.dir/feature_tests.c.o
/usr/local/bin/gcc   -std=c99 -o CMakeFiles/cmTryCompileExec950124828.dir/feature_tests.c.o   -c /home/dieheart/workspace/AGILE/build/CMakeFiles/feature_tests.c
Linking C executable cmTryCompileExec950124828
/usr/local/bin/cmake -E cmake_link_script CMakeFiles/cmTryCompileExec950124828.dir/link.txt --verbose=1
/usr/local/bin/gcc       CMakeFiles/cmTryCompileExec950124828.dir/feature_tests.c.o  -o cmTryCompileExec950124828 -rdynamic 
gmake[1]: Leaving directory '/home/dieheart/workspace/AGILE/build/CMakeFiles/CMakeTmp'


    Feature record: C_FEATURE:1c_function_prototypes
    Feature record: C_FEATURE:1c_restrict
    Feature record: C_FEATURE:0c_static_assert
    Feature record: C_FEATURE:1c_variadic_macros


Detecting C [-std=c90] compiler features compiled with the following output:
Change Dir: /home/dieheart/workspace/AGILE/build/CMakeFiles/CMakeTmp

Run Build Command:"/usr/bin/gmake" "cmTryCompileExec3744744439/fast"
/usr/bin/gmake -f CMakeFiles/cmTryCompileExec3744744439.dir/build.make CMakeFiles/cmTryCompileExec3744744439.dir/build
gmake[1]: Entering directory '/home/dieheart/workspace/AGILE/build/CMakeFiles/CMakeTmp'
/usr/local/bin/cmake -E cmake_progress_report /home/dieheart/workspace/AGILE/build/CMakeFiles/CMakeTmp/CMakeFiles 1
Building C object CMakeFiles/cmTryCompileExec3744744439.dir/feature_tests.c.o
/usr/local/bin/gcc   -std=c90 -o CMakeFiles/cmTryCompileExec3744744439.dir/feature_tests.c.o   -c /home/dieheart/workspace/AGILE/build/CMakeFiles/feature_tests.c
Linking C executable cmTryCompileExec3744744439
/usr/local/bin/cmake -E cmake_link_script CMakeFiles/cmTryCompileExec3744744439.dir/link.txt --verbose=1
/usr/local/bin/gcc       CMakeFiles/cmTryCompileExec3744744439.dir/feature_tests.c.o  -o cmTryCompileExec3744744439 -rdynamic 
gmake[1]: Leaving directory '/home/dieheart/workspace/AGILE/build/CMakeFiles/CMakeTmp'


    Feature record: C_FEATURE:1c_function_prototypes
    Feature record: C_FEATURE:0c_restrict
    Feature record: C_FEATURE:0c_static_assert
    Feature record: C_FEATURE:0c_variadic_macros
Determining if the Q_WS_X11 exist passed with the following output:
Change Dir: /home/dieheart/workspace/AGILE/build/CMakeFiles/CMakeTmp

Run Build Command:"/usr/bin/gmake" "cmTryCompileExec999366010/fast"
/usr/bin/gmake -f CMakeFiles/cmTryCompileExec999366010.dir/build.make CMakeFiles/cmTryCompileExec999366010.dir/build
gmake[1]: Entering directory '/home/dieheart/workspace/AGILE/build/CMakeFiles/CMakeTmp'
/usr/local/bin/cmake -E cmake_progress_report /home/dieheart/workspace/AGILE/build/CMakeFiles/CMakeTmp/CMakeFiles 1
Building CXX object CMakeFiles/cmTryCompileExec999366010.dir/CheckSymbolExists.cxx.o
/usr/local/bin/c++    -D_FORCE_INLINES    -o CMakeFiles/cmTryCompileExec999366010.dir/CheckSymbolExists.cxx.o -c /home/dieheart/workspace/AGILE/build/CMakeFiles/CMakeTmp/CheckSymbolExists.cxx
Linking CXX executable cmTryCompileExec999366010
/usr/local/bin/cmake -E cmake_link_script CMakeFiles/cmTryCompileExec999366010.dir/link.txt --verbose=1
/usr/local/bin/c++    -D_FORCE_INLINES     CMakeFiles/cmTryCompileExec999366010.dir/CheckSymbolExists.cxx.o  -o cmTryCompileExec999366010 -rdynamic 
gmake[1]: Leaving directory '/home/dieheart/workspace/AGILE/build/CMakeFiles/CMakeTmp'

File /home/dieheart/workspace/AGILE/build/CMakeFiles/CMakeTmp/CheckSymbolExists.cxx:
/* */
#include <QtCore/qglobal.h>

int main(int argc, char** argv)
{
  (void)argv;
#ifndef Q_WS_X11
  return ((int*)(&Q_WS_X11))[argc];
#else
  (void)argc;
  return 0;
#endif
}

Determining if the Q_WS_X11 exist passed with the following output:
Change Dir: /home/dieheart/workspace/AGILE/build/CMakeFiles/CMakeTmp

Run Build Command:"/usr/bin/gmake" "cmTryCompileExec3129698793/fast"
/usr/bin/gmake -f CMakeFiles/cmTryCompileExec3129698793.dir/build.make CMakeFiles/cmTryCompileExec3129698793.dir/build
gmake[1]: Entering directory '/home/dieheart/workspace/AGILE/build/CMakeFiles/CMakeTmp'
/usr/local/bin/cmake -E cmake_progress_report /home/dieheart/workspace/AGILE/build/CMakeFiles/CMakeTmp/CMakeFiles 1
Building CXX object CMakeFiles/cmTryCompileExec3129698793.dir/CheckSymbolExists.cxx.o
/usr/local/bin/c++    -D_FORCE_INLINES    -o CMakeFiles/cmTryCompileExec3129698793.dir/CheckSymbolExists.cxx.o -c /home/dieheart/workspace/AGILE/build/CMakeFiles/CMakeTmp/CheckSymbolExists.cxx
Linking CXX executable cmTryCompileExec3129698793
/usr/local/bin/cmake -E cmake_link_script CMakeFiles/cmTryCompileExec3129698793.dir/link.txt --verbose=1
/usr/local/bin/c++    -D_FORCE_INLINES     CMakeFiles/cmTryCompileExec3129698793.dir/CheckSymbolExists.cxx.o  -o cmTryCompileExec3129698793 -rdynamic 
gmake[1]: Leaving directory '/home/dieheart/workspace/AGILE/build/CMakeFiles/CMakeTmp'

File /home/dieheart/workspace/AGILE/build/CMakeFiles/CMakeTmp/CheckSymbolExists.cxx:
/* */
#include <QtCore/qglobal.h>

int main(int argc, char** argv)
{
  (void)argv;
#ifndef Q_WS_X11
  return ((int*)(&Q_WS_X11))[argc];
#else
  (void)argc;
  return 0;
#endif
}

